#
# There is insufficient memory for the Java Runtime Environment to continue.
# Native memory allocation (mmap) failed to map 134217728 bytes for Failed to commit area from 0x0000000081e00000 to 0x0000000089e00000 of length 134217728.
# Possible reasons:
#   The system is out of physical RAM or swap space
#   The process is running with CompressedOops enabled, and the Java Heap may be blocking the growth of the native heap
# Possible solutions:
#   Reduce memory load on the system
#   Increase physical memory or swap space
#   Check if swap backing store is full
#   Decrease Java heap size (-Xmx/-Xms)
#   Decrease number of Java threads
#   Decrease Java thread stack sizes (-Xss)
#   Set larger code cache with -XX:ReservedCodeCacheSize=
# This output file may be truncated or incomplete.
#
#  Out of Memory Error (./src/hotspot/os/windows/os_windows.cpp:3303), pid=8936, tid=10420
#
# JRE version:  (11.0.8+10) (build )
# Java VM: OpenJDK 64-Bit Server VM (11.0.8+10-b944.6842174, mixed mode, sharing, tiered, compressed oops, g1 gc, windows-amd64)
# No core dump will be written. Minidumps are not enabled by default on client versions of Windows
#

---------------  S U M M A R Y ------------

Command Line: 

Host: Intel(R) Core(TM) i7-9750H CPU @ 2.60GHz, 12 cores, 7G,  Windows 10 , 64 bit Build 19041 (10.0.19041.1202)
Time: Wed Nov  3 21:20:24 2021 Egypt Standard Time elapsed time: 0 seconds (0d 0h 0m 0s)

---------------  T H R E A D  ---------------

Current thread (0x0000028d1df29800):  JavaThread "Unknown thread" [_thread_in_vm, id=10420, stack(0x00000099e7200000,0x00000099e7300000)]

Stack: [0x00000099e7200000,0x00000099e7300000]
Native frames: (J=compiled Java code, j=interpreted, Vv=VM code, C=native code)
V  [jvm.dll+0x5de50a]
V  [jvm.dll+0x7122f5]
V  [jvm.dll+0x71384d]
V  [jvm.dll+0x713f03]
V  [jvm.dll+0x23e728]
V  [jvm.dll+0x5db9a4]
V  [jvm.dll+0x5d0ae5]
V  [jvm.dll+0x2fb20b]
V  [jvm.dll+0x2fb17a]
V  [jvm.dll+0x2fb052]
V  [jvm.dll+0x2fff16]
V  [jvm.dll+0x348743]
V  [jvm.dll+0x348e46]
V  [jvm.dll+0x348843]
V  [jvm.dll+0x2d5d68]
V  [jvm.dll+0x2d6f07]
V  [jvm.dll+0x6f11f7]
V  [jvm.dll+0x6f29ec]
V  [jvm.dll+0x355cb9]
V  [jvm.dll+0x6d4ade]
V  [jvm.dll+0x3bdfe3]
V  [jvm.dll+0x3c0201]
C  [jli.dll+0x5373]
C  [ucrtbase.dll+0x21bb2]
C  [KERNEL32.DLL+0x17034]
C  [ntdll.dll+0x52651]


---------------  P R O C E S S  ---------------

Threads class SMR info:
_java_thread_list=0x0000028d1c541950, length=0, elements={
}

Java Threads: ( => current thread )

Other Threads:
  0x0000028d1df41000 GCTaskThread "GC Thread#0" [stack: 0x00000099e7300000,0x00000099e7400000] [id=3976]
  0x0000028d1df70800 ConcurrentGCThread "G1 Main Marker" [stack: 0x00000099e7400000,0x00000099e7500000] [id=2844]
  0x0000028d1df73000 ConcurrentGCThread "G1 Conc#0" [stack: 0x00000099e7500000,0x00000099e7600000] [id=12100]

[error occurred during error reporting (printing all threads), id 0xc0000005, EXCEPTION_ACCESS_VIOLATION (0xc0000005) at pc=0x00007ff961436357]

VM state:not at safepoint (not fully initialized)

VM Mutex/Monitor currently owned by a thread:  ([mutex/lock_event])
[0x0000028d1df258d0] Heap_lock - owner thread: 0x0000028d1df29800

Heap address: 0x0000000081e00000, size: 2018 MB, Compressed Oops mode: Non-zero based: 0x0000000081e00000
Narrow klass base: 0x0000000000000000, Narrow klass shift: 0

GC Heap History (0 events):
No events

Deoptimization events (0 events):
No events

Classes redefined (0 events):
No events

Internal exceptions (0 events):
No events

Events (1 events):
Event: 0.011 Loaded shared library C:\Program Files\Android\Android Studio\jre\bin\zip.dll


Dynamic libraries:
0x00007ff68b320000 - 0x00007ff68b32a000 	C:\Program Files\Android\Android Studio\jre\bin\java.EXE
0x00007ff9b24d0000 - 0x00007ff9b26c5000 	C:\Windows\SYSTEM32\ntdll.dll
0x00007ff9b0b30000 - 0x00007ff9b0bee000 	C:\Windows\System32\KERNEL32.DLL
0x00007ff9afd30000 - 0x00007ff9afff9000 	C:\Windows\System32\KERNELBASE.dll
0x00007ff9b0000000 - 0x00007ff9b0100000 	C:\Windows\System32\ucrtbase.dll
0x00007ff9a87c0000 - 0x00007ff9a87d9000 	C:\Program Files\Android\Android Studio\jre\bin\jli.dll
0x00007ff99f1a0000 - 0x00007ff99f1b7000 	C:\Program Files\Android\Android Studio\jre\bin\VCRUNTIME140.dll
0x00007ff9b22e0000 - 0x00007ff9b2481000 	C:\Windows\System32\USER32.dll
0x00007ff9996b0000 - 0x00007ff99994a000 	C:\Windows\WinSxS\amd64_microsoft.windows.common-controls_6595b64144ccf1df_6.0.19041.1110_none_60b5254171f9507e\COMCTL32.dll
0x00007ff9b01a0000 - 0x00007ff9b01c2000 	C:\Windows\System32\win32u.dll
0x00007ff9b2190000 - 0x00007ff9b21bb000 	C:\Windows\System32\GDI32.dll
0x00007ff9b1210000 - 0x00007ff9b12ae000 	C:\Windows\System32\msvcrt.dll
0x00007ff9b01d0000 - 0x00007ff9b02db000 	C:\Windows\System32\gdi32full.dll
0x00007ff9b0100000 - 0x00007ff9b019d000 	C:\Windows\System32\msvcp_win.dll
0x00007ff9b12b0000 - 0x00007ff9b12e0000 	C:\Windows\System32\IMM32.DLL
0x00007ff994050000 - 0x00007ff9940ed000 	C:\Program Files\Android\Android Studio\jre\bin\msvcp140.dll
0x00007ff961150000 - 0x00007ff961c0c000 	C:\Program Files\Android\Android Studio\jre\bin\server\jvm.dll
0x00007ff9b2060000 - 0x00007ff9b210c000 	C:\Windows\System32\ADVAPI32.dll
0x00007ff9b1e30000 - 0x00007ff9b1ecb000 	C:\Windows\System32\sechost.dll
0x00007ff9b0bf0000 - 0x00007ff9b0d1a000 	C:\Windows\System32\RPCRT4.dll
0x00007ff9b1fe0000 - 0x00007ff9b1fe8000 	C:\Windows\System32\PSAPI.DLL
0x00007ff999b10000 - 0x00007ff999b37000 	C:\Windows\SYSTEM32\WINMM.dll
0x00007ff9a8710000 - 0x00007ff9a871a000 	C:\Windows\SYSTEM32\VERSION.dll
0x00007ff99f030000 - 0x00007ff99f039000 	C:\Windows\SYSTEM32\WSOCK32.dll
0x00007ff9b1ff0000 - 0x00007ff9b205b000 	C:\Windows\System32\WS2_32.dll
0x00007ff9adcd0000 - 0x00007ff9adce2000 	C:\Windows\SYSTEM32\kernel.appcore.dll
0x00007ff989ad0000 - 0x00007ff989ae1000 	C:\Program Files\Android\Android Studio\jre\bin\verify.dll
0x00007ff9ad8a0000 - 0x00007ff9ada84000 	C:\Windows\SYSTEM32\DBGHELP.DLL
0x00007ff9981f0000 - 0x00007ff99821c000 	C:\Windows\SYSTEM32\dbgcore.DLL
0x00007ff9afca0000 - 0x00007ff9afd23000 	C:\Windows\System32\bcryptPrimitives.dll
0x00007ff9895b0000 - 0x00007ff9895d9000 	C:\Program Files\Android\Android Studio\jre\bin\java.dll
0x00007ff99f020000 - 0x00007ff99f02b000 	C:\Program Files\Android\Android Studio\jre\bin\jimage.dll
0x00007ff988840000 - 0x00007ff988858000 	C:\Program Files\Android\Android Studio\jre\bin\zip.dll

dbghelp: loaded successfully - version: 4.0.5 - missing functions: none
symbol engine: initialized successfully - sym options: 0x614 - pdb path: .;C:\Program Files\Android\Android Studio\jre\bin;C:\Windows\SYSTEM32;C:\Windows\WinSxS\amd64_microsoft.windows.common-controls_6595b64144ccf1df_6.0.19041.1110_none_60b5254171f9507e;C:\Program Files\Android\Android Studio\jre\bin\server

VM Arguments:
java_command: <unknown>
java_class_path (initial): <not set>
Launcher Type: SUN_STANDARD

[Global flags]
     intx CICompilerCount                          = 4                                         {product} {ergonomic}
     uint ConcGCThreads                            = 3                                         {product} {ergonomic}
     uint G1ConcRefinementThreads                  = 10                                        {product} {ergonomic}
   size_t G1HeapRegionSize                         = 1048576                                   {product} {ergonomic}
    uintx GCDrainStackTargetSize                   = 64                                        {product} {ergonomic}
   size_t InitialHeapSize                          = 134217728                                 {product} {ergonomic}
   size_t MarkStackSize                            = 4194304                                   {product} {ergonomic}
   size_t MaxHeapSize                              = 2116026368                                {product} {ergonomic}
   size_t MinHeapDeltaBytes                        = 1048576                                   {product} {ergonomic}
    uintx NonNMethodCodeHeapSize                   = 5836300                                {pd product} {ergonomic}
    uintx NonProfiledCodeHeapSize                  = 122910970                              {pd product} {ergonomic}
    uintx ProfiledCodeHeapSize                     = 122910970                              {pd product} {ergonomic}
    uintx ReservedCodeCacheSize                    = 251658240                              {pd product} {ergonomic}
     bool SegmentedCodeCache                       = true                                      {product} {ergonomic}
     bool UseCompressedClassPointers               = true                                 {lp64_product} {ergonomic}
     bool UseCompressedOops                        = true                                 {lp64_product} {ergonomic}
     bool UseG1GC                                  = true                                      {product} {ergonomic}
     bool UseLargePagesIndividualAllocation        = false                                  {pd product} {ergonomic}

Logging:
Log output configuration:
 #0: stdout all=warning uptime,level,tags
 #1: stderr all=off uptime,level,tags

Environment Variables:
PATH=C:\Program Files (x86)\Common Files\Oracle\Java\javapath;C:\Windows\system32;C:\Windows;C:\Windows\System32\Wbem;C:\Windows\System32\WindowsPowerShell\v1.0\;C:\Windows\System32\OpenSSH\;C:\Program Files (x86)\NVIDIA Corporation\PhysX\Common;C:\Program Files\NVIDIA Corporation\NVIDIA NvDLISR;C:\Program Files\Dart\dart-sdk\bin;C:\Program Files\Git\cmd;C:\Users\MOGA\flutter\bin;C:\Users\MOGA\flutter\bin\mingit\cmd
USERNAME=MOGA
OS=Windows_NT
PROCESSOR_IDENTIFIER=Intel64 Family 6 Model 158 Stepping 10, GenuineIntel



---------------  S Y S T E M  ---------------

OS: Windows 10 , 64 bit Build 19041 (10.0.19041.1202)
OS uptime: 1 days 7:07 hours

CPU:total 12 (initial active 12) (6 cores per cpu, 2 threads per core) family 6 model 158 stepping 10, cmov, cx8, fxsr, mmx, sse, sse2, sse3, ssse3, sse4.1, sse4.2, popcnt, avx, avx2, aes, clmul, erms, 3dnowpref, lzcnt, ht, tsc, tscinvbit, bmi1, bmi2, adx, fma

Memory: 4k page, system-wide physical 8071M (701M free)
TotalPageFile size 14177M (AvailPageFile size 69M)
current process WorkingSet (physical memory assigned to process): 9M, peak: 9M
current process commit charge ("private bytes"): 64M, peak: 191M

vm_info: OpenJDK 64-Bit Server VM (11.0.8+10-b944.6842174) for windows-amd64 JRE (11.0.8+10-b944.6842174), built on Sep 19 2020 01:11:42 by "builder" with MS VC++ 14.0 (VS2015)

END.
